{
"contracts/StakeManager.sol":{"l":{"82":3,"83":3,"84":3,"87":3,"90":3,"91":3,"92":3,"97":3,"98":0,"101":3,"102":3,"104":3,"105":0,"107":3,"108":3,"110":3,"112":3,"115":3,"117":3,"120":3,"121":3,"129":3,"130":3,"131":0,"133":3,"137":3,"138":3,"153":2,"154":0,"158":2,"159":0,"163":2,"164":2,"165":0,"169":2,"170":0,"174":2,"177":2,"178":2,"179":2,"182":2,"197":14,"198":1,"202":13,"203":1,"207":12,"208":12,"209":1,"213":11,"214":0,"218":11,"223":11,"224":11,"227":11,"235":3,"241":19,"243":19,"247":4,"249":11,"252":4,"259":22,"260":22,"262":22,"267":0,"272":0,"277":9,"284":6,"285":0,"288":6,"289":6,"290":0,"302":3,"303":3,"305":3,"306":3,"307":3,"310":3,"317":2,"318":1,"320":1},"path":"/Users/abolaji/hardhat-personal/impact3/Stake-Manager/contracts/StakeManager.sol","s":{"1":3,"2":3,"3":3,"4":3,"5":3,"6":3,"7":3,"8":3,"9":3,"10":3,"11":3,"12":3,"13":3,"14":3,"15":3,"16":3,"17":3,"18":3,"19":3,"20":3,"21":3,"22":0,"23":3,"24":3,"25":3,"26":2,"27":2,"28":2,"29":2,"30":2,"31":2,"32":2,"33":2,"34":2,"35":2,"36":14,"37":13,"38":12,"39":12,"40":11,"41":11,"42":11,"43":11,"44":11,"45":3,"46":19,"47":19,"48":4,"49":15,"50":11,"51":4,"52":22,"53":22,"54":22,"55":0,"56":0,"57":6,"58":6,"59":6,"60":3,"61":3,"62":3,"63":3,"64":3,"65":3,"66":2,"67":1,"68":1},"b":{"1":[0,3],"2":[0,3],"3":[0,3],"4":[0,2],"5":[0,2],"6":[0,2],"7":[0,2],"8":[1,13],"9":[1,12],"10":[1,11],"11":[0,11],"12":[4,15],"13":[11,4],"14":[0,6],"15":[0,6],"16":[1,1]},"f":{"1":3,"2":3,"3":2,"4":14,"5":3,"6":19,"7":22,"8":0,"9":0,"10":6,"11":3,"12":2},"fnMap":{"1":{"name":"constructor","line":80,"loc":{"start":{"line":80,"column":4},"end":{"line":93,"column":4}}},"2":{"name":"distributeFunds","line":96,"loc":{"start":{"line":96,"column":4},"end":{"line":143,"column":4}}},"3":{"name":"updateBeneficiariesStake","line":151,"loc":{"start":{"line":148,"column":4},"end":{"line":187,"column":4}}},"4":{"name":"addBeneficiary","line":195,"loc":{"start":{"line":192,"column":4},"end":{"line":228,"column":4}}},"5":{"name":"setCompanyTreasuryAddress","line":234,"loc":{"start":{"line":232,"column":4},"end":{"line":236,"column":4}}},"6":{"name":"withinUpdateWindow","line":240,"loc":{"start":{"line":240,"column":4},"end":{"line":253,"column":4}}},"7":{"name":"getUpdateWindow","line":258,"loc":{"start":{"line":258,"column":4},"end":{"line":263,"column":4}}},"8":{"name":"pause","line":266,"loc":{"start":{"line":266,"column":4},"end":{"line":268,"column":4}}},"9":{"name":"unpause","line":271,"loc":{"start":{"line":271,"column":4},"end":{"line":273,"column":4}}},"10":{"name":"sendValue","line":283,"loc":{"start":{"line":283,"column":4},"end":{"line":292,"column":4}}},"11":{"name":"getBeneficiariesAddresses","line":297,"loc":{"start":{"line":297,"column":4},"end":{"line":311,"column":4}}},"12":{"name":"isABeneficiary","line":316,"loc":{"start":{"line":316,"column":4},"end":{"line":321,"column":4}}}},"statementMap":{"1":{"start":{"line":82,"column":8},"end":{"line":82,"column":49}},"2":{"start":{"line":83,"column":8},"end":{"line":83,"column":42}},"3":{"start":{"line":84,"column":8},"end":{"line":84,"column":43}},"4":{"start":{"line":87,"column":8},"end":{"line":87,"column":50}},"5":{"start":{"line":90,"column":8},"end":{"line":90,"column":34}},"6":{"start":{"line":91,"column":8},"end":{"line":91,"column":36}},"7":{"start":{"line":92,"column":8},"end":{"line":92,"column":69}},"8":{"start":{"line":97,"column":8},"end":{"line":97,"column":3797}},"9":{"start":{"line":101,"column":8},"end":{"line":101,"column":57}},"10":{"start":{"line":102,"column":8},"end":{"line":102,"column":36}},"11":{"start":{"line":104,"column":8},"end":{"line":104,"column":4005}},"12":{"start":{"line":107,"column":8},"end":{"line":107,"column":72}},"13":{"start":{"line":108,"column":8},"end":{"line":108,"column":4183}},"14":{"start":{"line":110,"column":12},"end":{"line":110,"column":4324}},"15":{"start":{"line":112,"column":12},"end":{"line":112,"column":78}},"16":{"start":{"line":115,"column":12},"end":{"line":115,"column":4565}},"17":{"start":{"line":117,"column":12},"end":{"line":117,"column":37}},"18":{"start":{"line":120,"column":12},"end":{"line":120,"column":64}},"19":{"start":{"line":121,"column":12},"end":{"line":121,"column":4809}},"20":{"start":{"line":129,"column":8},"end":{"line":129,"column":55}},"21":{"start":{"line":130,"column":8},"end":{"line":130,"column":5088}},"22":{"start":{"line":131,"column":12},"end":{"line":131,"column":56}},"23":{"start":{"line":133,"column":12},"end":{"line":133,"column":66}},"24":{"start":{"line":137,"column":8},"end":{"line":137,"column":63}},"25":{"start":{"line":138,"column":8},"end":{"line":138,"column":5426}},"26":{"start":{"line":153,"column":8},"end":{"line":153,"column":5985}},"27":{"start":{"line":158,"column":8},"end":{"line":158,"column":6137}},"28":{"start":{"line":163,"column":8},"end":{"line":163,"column":69}},"29":{"start":{"line":164,"column":8},"end":{"line":164,"column":6372}},"30":{"start":{"line":169,"column":8},"end":{"line":169,"column":6517}},"31":{"start":{"line":174,"column":8},"end":{"line":174,"column":6700}},"32":{"start":{"line":177,"column":8},"end":{"line":177,"column":53}},"33":{"start":{"line":178,"column":8},"end":{"line":178,"column":65}},"34":{"start":{"line":179,"column":8},"end":{"line":179,"column":42}},"35":{"start":{"line":182,"column":8},"end":{"line":182,"column":7026}},"36":{"start":{"line":197,"column":8},"end":{"line":197,"column":7556}},"37":{"start":{"line":202,"column":8},"end":{"line":202,"column":7708}},"38":{"start":{"line":207,"column":8},"end":{"line":207,"column":68}},"39":{"start":{"line":208,"column":8},"end":{"line":208,"column":7937}},"40":{"start":{"line":213,"column":8},"end":{"line":213,"column":8090}},"41":{"start":{"line":218,"column":8},"end":{"line":218,"column":8256}},"42":{"start":{"line":223,"column":8},"end":{"line":223,"column":43}},"43":{"start":{"line":224,"column":8},"end":{"line":224,"column":41}},"44":{"start":{"line":227,"column":8},"end":{"line":227,"column":72}},"45":{"start":{"line":235,"column":8},"end":{"line":235,"column":46}},"46":{"start":{"line":241,"column":8},"end":{"line":241,"column":77}},"47":{"start":{"line":243,"column":8},"end":{"line":243,"column":9160}},"48":{"start":{"line":247,"column":12},"end":{"line":247,"column":23}},"49":{"start":{"line":248,"column":15},"end":{"line":248,"column":9312}},"50":{"start":{"line":249,"column":12},"end":{"line":249,"column":23}},"51":{"start":{"line":252,"column":8},"end":{"line":252,"column":20}},"52":{"start":{"line":259,"column":8},"end":{"line":259,"column":77}},"53":{"start":{"line":260,"column":8},"end":{"line":260,"column":9833}},"54":{"start":{"line":262,"column":8},"end":{"line":262,"column":48}},"55":{"start":{"line":267,"column":8},"end":{"line":267,"column":15}},"56":{"start":{"line":272,"column":8},"end":{"line":272,"column":17}},"57":{"start":{"line":284,"column":8},"end":{"line":284,"column":10657}},"58":{"start":{"line":288,"column":8},"end":{"line":288,"column":60}},"59":{"start":{"line":289,"column":8},"end":{"line":289,"column":10832}},"60":{"start":{"line":302,"column":8},"end":{"line":302,"column":62}},"61":{"start":{"line":303,"column":8},"end":{"line":303,"column":40}},"62":{"start":{"line":305,"column":8},"end":{"line":305,"column":53}},"63":{"start":{"line":306,"column":8},"end":{"line":306,"column":11447}},"64":{"start":{"line":307,"column":12},"end":{"line":307,"column":69}},"65":{"start":{"line":310,"column":8},"end":{"line":310,"column":40}},"66":{"start":{"line":317,"column":8},"end":{"line":317,"column":11913}},"67":{"start":{"line":318,"column":12},"end":{"line":318,"column":24}},"68":{"start":{"line":320,"column":8},"end":{"line":320,"column":19}}},"branchMap":{"1":{"line":97,"type":"if","locations":[{"start":{"line":97,"column":8},"end":{"line":97,"column":8}},{"start":{"line":97,"column":8},"end":{"line":97,"column":8}}]},"2":{"line":104,"type":"if","locations":[{"start":{"line":104,"column":8},"end":{"line":104,"column":8}},{"start":{"line":104,"column":8},"end":{"line":104,"column":8}}]},"3":{"line":130,"type":"if","locations":[{"start":{"line":130,"column":8},"end":{"line":130,"column":8}},{"start":{"line":130,"column":8},"end":{"line":130,"column":8}}]},"4":{"line":153,"type":"if","locations":[{"start":{"line":153,"column":8},"end":{"line":153,"column":8}},{"start":{"line":153,"column":8},"end":{"line":153,"column":8}}]},"5":{"line":158,"type":"if","locations":[{"start":{"line":158,"column":8},"end":{"line":158,"column":8}},{"start":{"line":158,"column":8},"end":{"line":158,"column":8}}]},"6":{"line":164,"type":"if","locations":[{"start":{"line":164,"column":8},"end":{"line":164,"column":8}},{"start":{"line":164,"column":8},"end":{"line":164,"column":8}}]},"7":{"line":169,"type":"if","locations":[{"start":{"line":169,"column":8},"end":{"line":169,"column":8}},{"start":{"line":169,"column":8},"end":{"line":169,"column":8}}]},"8":{"line":197,"type":"if","locations":[{"start":{"line":197,"column":8},"end":{"line":197,"column":8}},{"start":{"line":197,"column":8},"end":{"line":197,"column":8}}]},"9":{"line":202,"type":"if","locations":[{"start":{"line":202,"column":8},"end":{"line":202,"column":8}},{"start":{"line":202,"column":8},"end":{"line":202,"column":8}}]},"10":{"line":208,"type":"if","locations":[{"start":{"line":208,"column":8},"end":{"line":208,"column":8}},{"start":{"line":208,"column":8},"end":{"line":208,"column":8}}]},"11":{"line":213,"type":"if","locations":[{"start":{"line":213,"column":8},"end":{"line":213,"column":8}},{"start":{"line":213,"column":8},"end":{"line":213,"column":8}}]},"12":{"line":243,"type":"if","locations":[{"start":{"line":243,"column":8},"end":{"line":243,"column":8}},{"start":{"line":243,"column":8},"end":{"line":243,"column":8}}]},"13":{"line":248,"type":"if","locations":[{"start":{"line":248,"column":15},"end":{"line":248,"column":15}},{"start":{"line":248,"column":15},"end":{"line":248,"column":15}}]},"14":{"line":284,"type":"if","locations":[{"start":{"line":284,"column":8},"end":{"line":284,"column":8}},{"start":{"line":284,"column":8},"end":{"line":284,"column":8}}]},"15":{"line":289,"type":"if","locations":[{"start":{"line":289,"column":8},"end":{"line":289,"column":8}},{"start":{"line":289,"column":8},"end":{"line":289,"column":8}}]},"16":{"line":317,"type":"if","locations":[{"start":{"line":317,"column":8},"end":{"line":317,"column":8}},{"start":{"line":317,"column":8},"end":{"line":317,"column":8}}]}}}}
