{
"contracts/EquityManager.sol":{"l":{"49":3,"50":3,"51":3,"52":3,"53":3,"54":3,"62":3,"70":1,"71":1,"72":1,"73":1,"74":1,"75":4,"78":4,"79":4,"80":4,"82":1,"83":1,"84":1,"92":9,"93":9,"94":7,"96":9,"110":9,"112":1,"115":8,"116":1,"118":7,"121":7,"124":7,"125":7,"134":5,"135":0,"137":5,"138":5,"139":0,"144":1,"145":1,"146":0,"147":0,"149":1,"162":10,"163":10,"165":10,"166":0,"167":0,"168":0,"171":0,"172":0,"173":0,"174":0,"176":0,"178":10,"182":2,"186":0,"190":4,"206":1,"207":1,"208":1,"209":1,"210":1,"211":1,"214":1,"218":3,"222":1,"226":0,"230":1,"234":0,"238":0,"242":0},"path":"/home/syncedge/impact3.io/equity-pool/contracts/EquityManager.sol","s":{"1":3,"2":3,"3":3,"4":3,"5":3,"6":3,"7":3,"8":1,"9":1,"10":1,"11":1,"12":1,"13":4,"14":4,"15":4,"16":4,"17":1,"18":1,"19":1,"20":9,"21":9,"22":7,"23":9,"24":9,"25":8,"26":7,"27":7,"28":7,"29":5,"30":5,"31":5,"32":1,"33":1,"34":0,"35":0,"36":1,"37":10,"38":10,"39":10,"40":0,"41":0,"42":0,"43":0,"44":0,"45":0,"46":0,"47":10,"48":2,"49":0,"50":4,"51":1,"52":1,"53":1,"54":1,"55":1,"56":1,"57":1,"58":3,"59":1,"60":0,"61":1,"62":0,"63":0,"64":0},"b":{"1":[1,8],"2":[1,7],"3":[0,5],"4":[0,5],"5":[0,1],"6":[0,10],"7":[0,0]},"f":{"1":3,"2":3,"3":1,"4":9,"5":9,"6":5,"7":1,"8":10,"9":2,"10":0,"11":4,"12":1,"13":3,"14":1,"15":0,"16":1,"17":0,"18":0,"19":0},"fnMap":{"1":{"name":"constructor","line":48,"loc":{"start":{"line":48,"column":4},"end":{"line":55,"column":4}}},"2":{"name":"setFund","line":61,"loc":{"start":{"line":61,"column":4},"end":{"line":63,"column":4}}},"3":{"name":"distributeFunds","line":69,"loc":{"start":{"line":69,"column":4},"end":{"line":85,"column":4}}},"4":{"name":"totalStake","line":87,"loc":{"start":{"line":87,"column":4},"end":{"line":97,"column":4}}},"5":{"name":"addHolder","line":108,"loc":{"start":{"line":105,"column":4},"end":{"line":131,"column":4}}},"6":{"name":"sendValue","line":133,"loc":{"start":{"line":133,"column":4},"end":{"line":141,"column":4}}},"7":{"name":"timePassed","line":143,"loc":{"start":{"line":143,"column":4},"end":{"line":150,"column":4}}},"8":{"name":"updateStake","line":158,"loc":{"start":{"line":158,"column":4},"end":{"line":179,"column":4}}},"9":{"name":"pause","line":181,"loc":{"start":{"line":181,"column":4},"end":{"line":183,"column":4}}},"10":{"name":"unpause","line":185,"loc":{"start":{"line":185,"column":4},"end":{"line":187,"column":4}}},"11":{"name":"deposit","line":189,"loc":{"start":{"line":189,"column":4},"end":{"line":191,"column":4}}},"12":{"name":"currentStakeHolders","line":201,"loc":{"start":{"line":201,"column":4},"end":{"line":215,"column":4}}},"13":{"name":"contractBalance","line":217,"loc":{"start":{"line":217,"column":4},"end":{"line":219,"column":4}}},"14":{"name":"Impact3Account","line":221,"loc":{"start":{"line":221,"column":4},"end":{"line":223,"column":4}}},"15":{"name":"PauserRole","line":225,"loc":{"start":{"line":225,"column":4},"end":{"line":227,"column":4}}},"16":{"name":"equityUpdateInterval","line":229,"loc":{"start":{"line":229,"column":4},"end":{"line":231,"column":4}}},"17":{"name":"stakeUpdatedXtimes","line":233,"loc":{"start":{"line":233,"column":4},"end":{"line":235,"column":4}}},"18":{"name":"fundsDistributedToDate","line":237,"loc":{"start":{"line":237,"column":4},"end":{"line":239,"column":4}}},"19":{"name":"fundsSentToI3","line":241,"loc":{"start":{"line":241,"column":4},"end":{"line":243,"column":4}}}},"statementMap":{"1":{"start":{"line":49,"column":8},"end":{"line":49,"column":49}},"2":{"start":{"line":50,"column":8},"end":{"line":50,"column":42}},"3":{"start":{"line":51,"column":8},"end":{"line":51,"column":43}},"4":{"start":{"line":52,"column":8},"end":{"line":52,"column":23}},"5":{"start":{"line":53,"column":8},"end":{"line":53,"column":29}},"6":{"start":{"line":54,"column":8},"end":{"line":54,"column":40}},"7":{"start":{"line":62,"column":8},"end":{"line":62,"column":29}},"8":{"start":{"line":70,"column":8},"end":{"line":70,"column":57}},"9":{"start":{"line":71,"column":8},"end":{"line":71,"column":37}},"10":{"start":{"line":72,"column":8},"end":{"line":72,"column":45}},"11":{"start":{"line":73,"column":8},"end":{"line":73,"column":63}},"12":{"start":{"line":74,"column":8},"end":{"line":74,"column":2465}},"13":{"start":{"line":75,"column":12},"end":{"line":75,"column":2554}},"14":{"start":{"line":78,"column":12},"end":{"line":78,"column":63}},"15":{"start":{"line":79,"column":12},"end":{"line":79,"column":40}},"16":{"start":{"line":80,"column":12},"end":{"line":80,"column":67}},"17":{"start":{"line":82,"column":8},"end":{"line":82,"column":44}},"18":{"start":{"line":83,"column":8},"end":{"line":83,"column":47}},"19":{"start":{"line":84,"column":8},"end":{"line":84,"column":50}},"20":{"start":{"line":92,"column":8},"end":{"line":92,"column":31}},"21":{"start":{"line":93,"column":8},"end":{"line":93,"column":3165}},"22":{"start":{"line":94,"column":12},"end":{"line":94,"column":58}},"23":{"start":{"line":96,"column":8},"end":{"line":96,"column":26}},"24":{"start":{"line":110,"column":8},"end":{"line":110,"column":3672}},"25":{"start":{"line":115,"column":8},"end":{"line":115,"column":3841}},"26":{"start":{"line":118,"column":8},"end":{"line":118,"column":3926}},"27":{"start":{"line":121,"column":8},"end":{"line":121,"column":4038}},"28":{"start":{"line":125,"column":8},"end":{"line":125,"column":4179}},"29":{"start":{"line":134,"column":8},"end":{"line":134,"column":4404}},"30":{"start":{"line":137,"column":8},"end":{"line":137,"column":60}},"31":{"start":{"line":138,"column":8},"end":{"line":138,"column":4579}},"32":{"start":{"line":144,"column":8},"end":{"line":144,"column":77}},"33":{"start":{"line":145,"column":8},"end":{"line":145,"column":4806}},"34":{"start":{"line":146,"column":12},"end":{"line":146,"column":44}},"35":{"start":{"line":147,"column":12},"end":{"line":147,"column":23}},"36":{"start":{"line":149,"column":8},"end":{"line":149,"column":20}},"37":{"start":{"line":162,"column":8},"end":{"line":162,"column":60}},"38":{"start":{"line":163,"column":8},"end":{"line":163,"column":61}},"39":{"start":{"line":165,"column":8},"end":{"line":165,"column":5412}},"40":{"start":{"line":166,"column":12},"end":{"line":166,"column":61}},"41":{"start":{"line":167,"column":12},"end":{"line":167,"column":5508}},"42":{"start":{"line":168,"column":16},"end":{"line":168,"column":5600}},"43":{"start":{"line":171,"column":12},"end":{"line":171,"column":5695}},"44":{"start":{"line":173,"column":16},"end":{"line":173,"column":65}},"45":{"start":{"line":174,"column":16},"end":{"line":174,"column":38}},"46":{"start":{"line":176,"column":12},"end":{"line":176,"column":33}},"47":{"start":{"line":178,"column":8},"end":{"line":178,"column":28}},"48":{"start":{"line":182,"column":8},"end":{"line":182,"column":15}},"49":{"start":{"line":186,"column":8},"end":{"line":186,"column":17}},"50":{"start":{"line":190,"column":8},"end":{"line":190,"column":49}},"51":{"start":{"line":206,"column":8},"end":{"line":206,"column":56}},"52":{"start":{"line":207,"column":8},"end":{"line":207,"column":51}},"53":{"start":{"line":208,"column":8},"end":{"line":208,"column":57}},"54":{"start":{"line":209,"column":8},"end":{"line":209,"column":6731}},"55":{"start":{"line":210,"column":12},"end":{"line":210,"column":46}},"56":{"start":{"line":211,"column":12},"end":{"line":211,"column":61}},"57":{"start":{"line":214,"column":8},"end":{"line":214,"column":41}},"58":{"start":{"line":218,"column":8},"end":{"line":218,"column":36}},"59":{"start":{"line":222,"column":8},"end":{"line":222,"column":21}},"60":{"start":{"line":226,"column":8},"end":{"line":226,"column":26}},"61":{"start":{"line":230,"column":8},"end":{"line":230,"column":25}},"62":{"start":{"line":234,"column":8},"end":{"line":234,"column":22}},"63":{"start":{"line":238,"column":8},"end":{"line":238,"column":34}},"64":{"start":{"line":242,"column":8},"end":{"line":242,"column":27}}},"branchMap":{"1":{"line":110,"type":"if","locations":[{"start":{"line":110,"column":8},"end":{"line":110,"column":8}},{"start":{"line":110,"column":8},"end":{"line":110,"column":8}}]},"2":{"line":115,"type":"if","locations":[{"start":{"line":115,"column":8},"end":{"line":115,"column":8}},{"start":{"line":115,"column":8},"end":{"line":115,"column":8}}]},"3":{"line":134,"type":"if","locations":[{"start":{"line":134,"column":8},"end":{"line":134,"column":8}},{"start":{"line":134,"column":8},"end":{"line":134,"column":8}}]},"4":{"line":138,"type":"if","locations":[{"start":{"line":138,"column":8},"end":{"line":138,"column":8}},{"start":{"line":138,"column":8},"end":{"line":138,"column":8}}]},"5":{"line":145,"type":"if","locations":[{"start":{"line":145,"column":8},"end":{"line":145,"column":8}},{"start":{"line":145,"column":8},"end":{"line":145,"column":8}}]},"6":{"line":165,"type":"if","locations":[{"start":{"line":165,"column":8},"end":{"line":165,"column":8}},{"start":{"line":165,"column":8},"end":{"line":165,"column":8}}]},"7":{"line":171,"type":"if","locations":[{"start":{"line":171,"column":12},"end":{"line":171,"column":12}},{"start":{"line":171,"column":12},"end":{"line":171,"column":12}}]}}}}
