TN:
SF:/Users/abolaji/hardhat-personal/impact3/Stake-Manager/contracts/StakeManager.sol
FN:80,constructor
FN:96,distributeFunds
FN:151,updateBeneficiariesStake
FN:195,addBeneficiary
FN:234,setCompanyTreasuryAddress
FN:240,withinUpdateWindow
FN:258,getUpdateWindow
FN:266,pause
FN:271,unpause
FN:283,sendValue
FN:297,getBeneficiariesAddresses
FN:316,isABeneficiary
FNF:12
FNH:10
FNDA:3,constructor
FNDA:3,distributeFunds
FNDA:2,updateBeneficiariesStake
FNDA:14,addBeneficiary
FNDA:3,setCompanyTreasuryAddress
FNDA:19,withinUpdateWindow
FNDA:22,getUpdateWindow
FNDA:0,pause
FNDA:0,unpause
FNDA:6,sendValue
FNDA:3,getBeneficiariesAddresses
FNDA:2,isABeneficiary
DA:82,3
DA:83,3
DA:84,3
DA:87,3
DA:90,3
DA:91,3
DA:92,3
DA:97,3
DA:98,0
DA:101,3
DA:102,3
DA:104,3
DA:105,0
DA:107,3
DA:108,3
DA:110,3
DA:112,3
DA:115,3
DA:117,3
DA:120,3
DA:121,3
DA:129,3
DA:130,3
DA:131,0
DA:133,3
DA:137,3
DA:138,3
DA:153,2
DA:154,0
DA:158,2
DA:159,0
DA:163,2
DA:164,2
DA:165,0
DA:169,2
DA:170,0
DA:174,2
DA:177,2
DA:178,2
DA:179,2
DA:182,2
DA:197,14
DA:198,1
DA:202,13
DA:203,1
DA:207,12
DA:208,12
DA:209,1
DA:213,11
DA:214,0
DA:218,11
DA:223,11
DA:224,11
DA:227,11
DA:235,3
DA:241,19
DA:243,19
DA:247,4
DA:249,11
DA:252,4
DA:259,22
DA:260,22
DA:262,22
DA:267,0
DA:272,0
DA:277,9
DA:284,6
DA:285,0
DA:288,6
DA:289,6
DA:290,0
DA:302,3
DA:303,3
DA:305,3
DA:306,3
DA:307,3
DA:310,3
DA:317,2
DA:318,1
DA:320,1
LF:80
LH:68
BRDA:97,1,0,0
BRDA:97,1,1,3
BRDA:104,2,0,0
BRDA:104,2,1,3
BRDA:130,3,0,0
BRDA:130,3,1,3
BRDA:153,4,0,0
BRDA:153,4,1,2
BRDA:158,5,0,0
BRDA:158,5,1,2
BRDA:164,6,0,0
BRDA:164,6,1,2
BRDA:169,7,0,0
BRDA:169,7,1,2
BRDA:197,8,0,1
BRDA:197,8,1,13
BRDA:202,9,0,1
BRDA:202,9,1,12
BRDA:208,10,0,1
BRDA:208,10,1,11
BRDA:213,11,0,0
BRDA:213,11,1,11
BRDA:243,12,0,4
BRDA:243,12,1,15
BRDA:248,13,0,11
BRDA:248,13,1,4
BRDA:284,14,0,0
BRDA:284,14,1,6
BRDA:289,15,0,0
BRDA:289,15,1,6
BRDA:317,16,0,1
BRDA:317,16,1,1
BRF:32
BRH:22
end_of_record
