TN:
SF:/home/syncedge/impact3.io/equity-pool/contracts/EquityManager.sol
FN:48,constructor
FN:61,setFund
FN:69,distributeFunds
FN:87,totalStake
FN:108,addHolder
FN:133,sendValue
FN:143,timePassed
FN:158,updateStake
FN:181,pause
FN:185,unpause
FN:189,deposit
FN:201,currentStakeHolders
FN:217,contractBalance
FN:221,Impact3Account
FN:225,PauserRole
FN:229,equityUpdateInterval
FN:233,stakeUpdatedXtimes
FN:237,fundsDistributedToDate
FN:241,fundsSentToI3
FNF:19
FNH:14
FNDA:3,constructor
FNDA:3,setFund
FNDA:1,distributeFunds
FNDA:9,totalStake
FNDA:9,addHolder
FNDA:5,sendValue
FNDA:1,timePassed
FNDA:10,updateStake
FNDA:2,pause
FNDA:0,unpause
FNDA:4,deposit
FNDA:1,currentStakeHolders
FNDA:3,contractBalance
FNDA:1,Impact3Account
FNDA:0,PauserRole
FNDA:1,equityUpdateInterval
FNDA:0,stakeUpdatedXtimes
FNDA:0,fundsDistributedToDate
FNDA:0,fundsSentToI3
DA:49,3
DA:50,3
DA:51,3
DA:52,3
DA:53,3
DA:54,3
DA:62,3
DA:70,1
DA:71,1
DA:72,1
DA:73,1
DA:74,1
DA:75,4
DA:78,4
DA:79,4
DA:80,4
DA:82,1
DA:83,1
DA:84,1
DA:92,9
DA:93,9
DA:94,7
DA:96,9
DA:110,9
DA:112,1
DA:115,8
DA:116,1
DA:118,7
DA:121,7
DA:124,7
DA:125,7
DA:134,5
DA:135,0
DA:137,5
DA:138,5
DA:139,0
DA:144,1
DA:145,1
DA:146,0
DA:147,0
DA:149,1
DA:162,10
DA:163,10
DA:165,10
DA:166,0
DA:167,0
DA:168,0
DA:171,0
DA:172,0
DA:173,0
DA:174,0
DA:176,0
DA:178,10
DA:182,2
DA:186,0
DA:190,4
DA:206,1
DA:207,1
DA:208,1
DA:209,1
DA:210,1
DA:211,1
DA:214,1
DA:218,3
DA:222,1
DA:226,0
DA:230,1
DA:234,0
DA:238,0
DA:242,0
LF:70
LH:53
BRDA:110,1,0,1
BRDA:110,1,1,8
BRDA:115,2,0,1
BRDA:115,2,1,7
BRDA:134,3,0,0
BRDA:134,3,1,5
BRDA:138,4,0,0
BRDA:138,4,1,5
BRDA:145,5,0,0
BRDA:145,5,1,1
BRDA:165,6,0,0
BRDA:165,6,1,10
BRDA:171,7,0,0
BRDA:171,7,1,0
BRF:14
BRH:8
end_of_record
